Using pre-set license
Built from '2022.3/china_unity/release' branch; Version is '2022.3.57f1c2 (32588f90613b) revision 3299471'; Using compiler version '192829333'; Build Type 'Release'
OS: 'Windows 10  (10.0.19045) 64bit Professional' Language: 'zh' Physical Memory: 65484 MB
BatchMode: 1, IsHumanControllingUs: 0, StartBugReporterOnCrash: 0, Is64bit: 1, IsPro: 1

COMMAND LINE ARGUMENTS:
D:\unity\2022.3.57f1c2\Editor\Unity.exe
-adb2
-batchMode
-noUpm
-name
AssetImportWorker0
-projectPath
F:/TsokaoProject/TsokaoUnityCutFruitGameTest
-logFile
Logs/AssetImportWorker0.log
-srvPort
14280
Successfully changed project path to: F:/TsokaoProject/TsokaoUnityCutFruitGameTest
F:/TsokaoProject/TsokaoUnityCutFruitGameTest
[UnityMemory] Configuration Parameters - Can be set up in boot.config
    "memorysetup-bucket-allocator-granularity=16"
    "memorysetup-bucket-allocator-bucket-count=8"
    "memorysetup-bucket-allocator-block-size=33554432"
    "memorysetup-bucket-allocator-block-count=8"
    "memorysetup-main-allocator-block-size=16777216"
    "memorysetup-thread-allocator-block-size=16777216"
    "memorysetup-gfx-main-allocator-block-size=16777216"
    "memorysetup-gfx-thread-allocator-block-size=16777216"
    "memorysetup-cache-allocator-block-size=4194304"
    "memorysetup-typetree-allocator-block-size=2097152"
    "memorysetup-profiler-bucket-allocator-granularity=16"
    "memorysetup-profiler-bucket-allocator-bucket-count=8"
    "memorysetup-profiler-bucket-allocator-block-size=33554432"
    "memorysetup-profiler-bucket-allocator-block-count=8"
    "memorysetup-profiler-allocator-block-size=16777216"
    "memorysetup-profiler-editor-allocator-block-size=1048576"
    "memorysetup-temp-allocator-size-main=16777216"
    "memorysetup-job-temp-allocator-block-size=2097152"
    "memorysetup-job-temp-allocator-block-size-background=1048576"
    "memorysetup-job-temp-allocator-reduction-small-platforms=262144"
    "memorysetup-allocator-temp-initial-block-size-main=262144"
    "memorysetup-allocator-temp-initial-block-size-worker=262144"
    "memorysetup-temp-allocator-size-background-worker=32768"
    "memorysetup-temp-allocator-size-job-worker=262144"
    "memorysetup-temp-allocator-size-preload-manager=33554432"
    "memorysetup-temp-allocator-size-nav-mesh-worker=65536"
    "memorysetup-temp-allocator-size-audio-worker=65536"
    "memorysetup-temp-allocator-size-cloud-worker=32768"
    "memorysetup-temp-allocator-size-gi-baking-worker=262144"
    "memorysetup-temp-allocator-size-gfx=262144"
Player connection [143544]  Target information:

Player connection [143544]  * "[IP] 192.168.2.173 [Port] 0 [Flags] 2 [Guid] 2364125565 [EditorId] 2364125565 [Version] 1048832 [Id] WindowsEditor(7,DESKTOP-G0QVRMG) [Debug] 1 [PackageName] WindowsEditor [ProjectName] Editor" 

Player connection [143544] Host joined multi-casting on [225.0.0.222:54997]...
Player connection [143544] Host joined alternative multi-casting on [225.0.0.222:34997]...
Input System module state changed to: Initialized.
[PhysX] Initialized MultithreadedTaskDispatcher with 24 workers.
Refreshing native plugins compatible for Editor in 12.00 ms, found 3 plugins.
Preloading 0 native plugins for Editor in 0.00 ms.
Initialize engine version: 2022.3.57f1c2 (32588f90613b)
[Subsystems] Discovering subsystems at path D:/unity/2022.3.57f1c2/Editor/Data/Resources/UnitySubsystems
[Subsystems] Discovering subsystems at path F:/TsokaoProject/TsokaoUnityCutFruitGameTest/Assets
GfxDevice: creating device client; threaded=0; jobified=0
Direct3D:
    Version:  Direct3D 11.0 [level 11.1]
    Renderer: NVIDIA GeForce RTX 2060 SUPER (ID=0x1f06)
    Vendor:   NVIDIA
    VRAM:     8006 MB
    Driver:   32.0.15.6094
Initialize mono
Mono path[0] = 'D:/unity/2022.3.57f1c2/Editor/Data/Managed'
Mono path[1] = 'D:/unity/2022.3.57f1c2/Editor/Data/MonoBleedingEdge/lib/mono/unityjit-win32'
Mono config path = 'D:/unity/2022.3.57f1c2/Editor/Data/MonoBleedingEdge/etc'
Using monoOptions --debugger-agent=transport=dt_socket,embedding=1,server=y,suspend=n,address=127.0.0.1:56560
Begin MonoManager ReloadAssembly
Registering precompiled unity dll's ...
Register platform support module: D:/unity/2022.3.57f1c2/Editor/Data/PlaybackEngines/AndroidPlayer/UnityEditor.Android.Extensions.dll
Register platform support module: D:/unity/2022.3.57f1c2/Editor/Data/PlaybackEngines/WindowsStandaloneSupport/UnityEditor.WindowsStandalone.Extensions.dll
Registered in 0.006863 seconds.
- Loaded All Assemblies, in  0.348 seconds
Native extension for WindowsStandalone target not found
Native extension for Android target not found
Android Extension - Scanning For ADB Devices 501 ms
Mono: successfully reloaded assembly
- Finished resetting the current domain, in  0.795 seconds
Domain Reload Profiling: 1141ms
	BeginReloadAssembly (101ms)
		ExecutionOrderSort (0ms)
		DisableScriptedObjects (0ms)
		BackupInstance (0ms)
		ReleaseScriptingObjects (0ms)
		CreateAndSetChildDomain (1ms)
	RebuildCommonClasses (35ms)
	RebuildNativeTypeToScriptingClass (12ms)
	initialDomainReloadingComplete (56ms)
	LoadAllAssembliesAndSetupDomain (142ms)
		LoadAssemblies (100ms)
		RebuildTransferFunctionScriptingTraits (0ms)
		AnalyzeDomain (139ms)
			TypeCache.Refresh (138ms)
				TypeCache.ScanAssembly (125ms)
			ScanForSourceGeneratedMonoScriptInfo (0ms)
			ResolveRequiredComponents (1ms)
	FinalizeReload (795ms)
		ReleaseScriptCaches (0ms)
		RebuildScriptCaches (0ms)
		SetupLoadedEditorAssemblies (747ms)
			LogAssemblyErrors (0ms)
			InitializePlatformSupportModulesInManaged (576ms)
			SetLoadedEditorAssemblies (4ms)
			RefreshPlugins (0ms)
			BeforeProcessingInitializeOnLoad (2ms)
			ProcessInitializeOnLoadAttributes (120ms)
			ProcessInitializeOnLoadMethodAttributes (45ms)
			AfterProcessingInitializeOnLoad (0ms)
			EditorAssembliesLoaded (0ms)
		ExecutionOrderSort2 (0ms)
		AwakeInstancesAfterBackupRestoration (0ms)
========================================================================
Worker process is ready to serve import requests
Caller must complete domain reload
Begin MonoManager ReloadAssembly
- Loaded All Assemblies, in  0.656 seconds
Native extension for WindowsStandalone target not found
Native extension for Android target not found
System.Exception: Error! Visual Scripting: couldn't find visual scripting package
  at Unity.VisualScripting.PackageVersionUtility.get_version () [0x00043] in .\Library\PackageCache\com.unity.visualscripting@1.9.4\Editor\VisualScripting.Core\Utilities\PackageVersionUtility.cs:31 
  at Unity.VisualScripting.BoltCoreManifest.get_version () [0x00000] in .\Library\PackageCache\com.unity.visualscripting@1.9.4\Editor\VisualScripting.Core\Plugin\BoltCoreManifest.cs:11 
  at Unity.VisualScripting.PluginManifest.get_currentVersion () [0x00000] in .\Library\PackageCache\com.unity.visualscripting@1.9.4\Editor\VisualScripting.Core\Plugins\PluginManifest.cs:33 
  at Unity.VisualScripting.PluginManifest.get_versionMismatch () [0x00000] in .\Library\PackageCache\com.unity.visualscripting@1.9.4\Editor\VisualScripting.Core\Plugins\PluginManifest.cs:48 
  at Unity.VisualScripting.PluginContainer.Initialize () [0x00525] in .\Library\PackageCache\com.unity.visualscripting@1.9.4\Editor\VisualScripting.Core\Plugins\PluginContainer.cs:208 
  at Unity.VisualScripting.PluginContainer.InitializeOnLoad () [0x00009] in .\Library\PackageCache\com.unity.visualscripting@1.9.4\Editor\VisualScripting.Core\Plugins\PluginContainer.cs:32 
  at Unity.VisualScripting.VSUsageUtility.DoInitializeOnLoadCalls () [0x00034] in .\Library\PackageCache\com.unity.visualscripting@1.9.4\Editor\VisualScripting.Core\Utilities\VSUsageUtility.cs:76 
  at Unity.VisualScripting.VSUsageUtility.set_isVisualScriptingUsed (System.Boolean value) [0x0002c] in .\Library\PackageCache\com.unity.visualscripting@1.9.4\Editor\VisualScripting.Core\Utilities\VSUsageUtility.cs:114 
  at Unity.VisualScripting.VSUsageUtility.CheckAndSetIsVisualScriptingUsed () [0x00032] in .\Library\PackageCache\com.unity.visualscripting@1.9.4\Editor\VisualScripting.Core\Utilities\VSUsageUtility.cs:48 
  at Unity.VisualScripting.VSUsageUtility..cctor () [0x00000] in .\Library\PackageCache\com.unity.visualscripting@1.9.4\Editor\VisualScripting.Core\Utilities\VSUsageUtility.cs:22 
UnityEngine.StackTraceUtility:ExtractStackTrace ()
UnityEngine.DebugLogHandler:LogFormat (UnityEngine.LogType,UnityEngine.Object,string,object[])
UnityEngine.Logger:Log (UnityEngine.LogType,object)
UnityEngine.Debug:LogError (object)
UnityEditor.EditorAssemblies:ProcessInitializeOnLoadAttributes (System.Type[])

Mono: successfully reloaded assembly
- Finished resetting the current domain, in  1.129 seconds
Domain Reload Profiling: 1783ms
	BeginReloadAssembly (149ms)
		ExecutionOrderSort (0ms)
		DisableScriptedObjects (5ms)
		BackupInstance (0ms)
		ReleaseScriptingObjects (0ms)
		CreateAndSetChildDomain (21ms)
	RebuildCommonClasses (34ms)
	RebuildNativeTypeToScriptingClass (12ms)
	initialDomainReloadingComplete (37ms)
	LoadAllAssembliesAndSetupDomain (421ms)
		LoadAssemblies (294ms)
		RebuildTransferFunctionScriptingTraits (0ms)
		AnalyzeDomain (204ms)
			TypeCache.Refresh (174ms)
				TypeCache.ScanAssembly (158ms)
			ScanForSourceGeneratedMonoScriptInfo (15ms)
			ResolveRequiredComponents (13ms)
	FinalizeReload (1129ms)
		ReleaseScriptCaches (0ms)
		RebuildScriptCaches (0ms)
		SetupLoadedEditorAssemblies (980ms)
			LogAssemblyErrors (0ms)
			InitializePlatformSupportModulesInManaged (20ms)
			SetLoadedEditorAssemblies (4ms)
			RefreshPlugins (0ms)
			BeforeProcessingInitializeOnLoad (60ms)
			ProcessInitializeOnLoadAttributes (869ms)
			ProcessInitializeOnLoadMethodAttributes (21ms)
			AfterProcessingInitializeOnLoad (6ms)
			EditorAssembliesLoaded (0ms)
		ExecutionOrderSort2 (0ms)
		AwakeInstancesAfterBackupRestoration (6ms)
Launched and connected shader compiler UnityShaderCompiler.exe after 0.07 seconds
Refreshing native plugins compatible for Editor in 4.41 ms, found 3 plugins.
Preloading 0 native plugins for Editor in 0.00 ms.
Unloading 3430 Unused Serialized files (Serialized files now loaded: 0)
Unloading 33 unused Assets / (1.4 MB). Loaded Objects now: 3889.
Memory consumption went from 146.0 MB to 144.6 MB.
Total: 15.287800 ms (FindLiveObjects: 0.395000 ms CreateObjectMapping: 0.095200 ms MarkObjects: 14.071500 ms  DeleteObjects: 0.724600 ms)

AssetImportParameters requested are different than current active one (requested -> active):
  custom:container-demuxer-ogg: 62fdf1f143b41e24485cea50d1cbac27 -> 
  custom:video-decoder-ogg-theora: a1e56fd34408186e4bbccfd4996cb3dc -> 
  custom:framework-win-MediaFoundation: 216162199b28c13a410421893ffa2e32 -> 
  custom:CustomObjectIndexerAttribute: 9a22284fe3817be447336de3de66b15e -> 
  custom:container-demuxer-webm: 4f35f7cbe854078d1ac9338744f61a02 -> 
  custom:container-muxer-webm: aa71ff27fc2769a1b78a27578f13a17b -> 
  custom:video-decoder-webm-vp8: 9c59270c3fd7afecdb556c50c9e8de78 -> 
  custom:SearchIndexIgnoredProperties: e643bd26f0fe6173181afceb89e7c659 -> 
  custom:AudioImporter_EditorPlatform: d09bf68614088b80899f8185d706f6e7 -> 
  custom:video-encoder-webm-vp8: eb34c28f22e8b96e1ab97ce403110664 -> 
  custom:audio-decoder-ogg-vorbis: bf7c407c2cedff20999df2af8eb42d56 -> 
  custom:audio-encoder-webm-vorbis: bf7c407c2cedff20999df2af8eb42d56 -> 
========================================================================
Received Import Request.
  Time since last request: 1210613.721314 seconds.
  path: Assets/Scripts/CutFruitScripts/MainMenuController.cs
  artifactKey: Guid(1b7d0120871e84b419e69897150d53e1) Importer(815301076,1909f56bfc062723c751e8b465ee728b)
Start importing Assets/Scripts/CutFruitScripts/MainMenuController.cs using Guid(1b7d0120871e84b419e69897150d53e1) Importer(815301076,1909f56bfc062723c751e8b465ee728b) [PhysX] Initialized MultithreadedTaskDispatcher with 24 workers.
 -> (artifact id: 'ee11eb313e38e461640b53f0df6409db') in 0.004908 seconds
Number of updated asset objects reloaded before import = 0
Number of asset objects unloaded after import = 0
========================================================================
Received Import Request.
  Time since last request: 0.000036 seconds.
  path: Assets/Scripts/CutFruitScripts/Bomb.cs
  artifactKey: Guid(5a4bba062bd1e7541b14d389b8859d74) Importer(815301076,1909f56bfc062723c751e8b465ee728b)
Start importing Assets/Scripts/CutFruitScripts/Bomb.cs using Guid(5a4bba062bd1e7541b14d389b8859d74) Importer(815301076,1909f56bfc062723c751e8b465ee728b) [PhysX] Initialized MultithreadedTaskDispatcher with 24 workers.
 -> (artifact id: '85df93c4b339f5c1bf908266a438d29c') in 0.000569 seconds
Number of updated asset objects reloaded before import = 0
Number of asset objects unloaded after import = 0
========================================================================
Received Import Request.
  Time since last request: 3725.829018 seconds.
  path: Assets/Scripts/CutFruitScripts/GameObjectPool.cs
  artifactKey: Guid(b817e60577b55dc4082205830323041b) Importer(815301076,1909f56bfc062723c751e8b465ee728b)
Start importing Assets/Scripts/CutFruitScripts/GameObjectPool.cs using Guid(b817e60577b55dc4082205830323041b) Importer(815301076,1909f56bfc062723c751e8b465ee728b) [PhysX] Initialized MultithreadedTaskDispatcher with 24 workers.
 -> (artifact id: 'dc7bb6d226aa45fc6aaa9a71e79a3762') in 0.001557 seconds
Number of updated asset objects reloaded before import = 0
Number of asset objects unloaded after import = 0
========================================================================
Received Import Request.
  Time since last request: 31.482693 seconds.
  path: Assets/Scripts/CutFruitScripts/ObjectPool.cs
  artifactKey: Guid(6fd39c4b97b14314eb57864746fd0042) Importer(815301076,1909f56bfc062723c751e8b465ee728b)
Start importing Assets/Scripts/CutFruitScripts/ObjectPool.cs using Guid(6fd39c4b97b14314eb57864746fd0042) Importer(815301076,1909f56bfc062723c751e8b465ee728b) [PhysX] Initialized MultithreadedTaskDispatcher with 24 workers.
 -> (artifact id: '6c00a239390ba60fdf91b64c86ddccac') in 0.000560 seconds
Number of updated asset objects reloaded before import = 0
Number of asset objects unloaded after import = 0
========================================================================
Received Import Request.
  Time since last request: 9.797354 seconds.
  path: Assets/Scripts/CutFruitScripts/ObjectPool.cs
  artifactKey: Guid(6fd39c4b97b14314eb57864746fd0042) Importer(815301076,1909f56bfc062723c751e8b465ee728b)
Start importing Assets/Scripts/CutFruitScripts/ObjectPool.cs using Guid(6fd39c4b97b14314eb57864746fd0042) Importer(815301076,1909f56bfc062723c751e8b465ee728b) [PhysX] Initialized MultithreadedTaskDispatcher with 24 workers.
 -> (artifact id: '049579d5e59c9a209030123964c802d5') in 0.001127 seconds
Number of updated asset objects reloaded before import = 0
Number of asset objects unloaded after import = 0
========================================================================
Received Import Request.
  Time since last request: 451.882203 seconds.
  path: Assets/Scripts/CutFruitScripts/ObjectPool.cs
  artifactKey: Guid(6fd39c4b97b14314eb57864746fd0042) Importer(815301076,1909f56bfc062723c751e8b465ee728b)
Start importing Assets/Scripts/CutFruitScripts/ObjectPool.cs using Guid(6fd39c4b97b14314eb57864746fd0042) Importer(815301076,1909f56bfc062723c751e8b465ee728b) [PhysX] Initialized MultithreadedTaskDispatcher with 24 workers.
 -> (artifact id: '43f352919ef2da180eb6e05c70dcf820') in 0.000720 seconds
Number of updated asset objects reloaded before import = 0
Number of asset objects unloaded after import = 0
========================================================================
Received Import Request.
  Time since last request: 150.617689 seconds.
  path: Assets/Scripts/CutFruitScripts/ObjectPool.cs
  artifactKey: Guid(6fd39c4b97b14314eb57864746fd0042) Importer(815301076,1909f56bfc062723c751e8b465ee728b)
Start importing Assets/Scripts/CutFruitScripts/ObjectPool.cs using Guid(6fd39c4b97b14314eb57864746fd0042) Importer(815301076,1909f56bfc062723c751e8b465ee728b) [PhysX] Initialized MultithreadedTaskDispatcher with 24 workers.
 -> (artifact id: '61164ece7d87214a953003aec5717db1') in 0.000842 seconds
Number of updated asset objects reloaded before import = 0
Number of asset objects unloaded after import = 0
========================================================================
Received Import Request.
  Time since last request: 115.036259 seconds.
  path: Assets/Scripts/CutFruitScripts/ObjectPool.cs
  artifactKey: Guid(6fd39c4b97b14314eb57864746fd0042) Importer(815301076,1909f56bfc062723c751e8b465ee728b)
Start importing Assets/Scripts/CutFruitScripts/ObjectPool.cs using Guid(6fd39c4b97b14314eb57864746fd0042) Importer(815301076,1909f56bfc062723c751e8b465ee728b) [PhysX] Initialized MultithreadedTaskDispatcher with 24 workers.
 -> (artifact id: '95afa6552981c1f7ce39c0e060326864') in 0.000624 seconds
Number of updated asset objects reloaded before import = 0
Number of asset objects unloaded after import = 0
========================================================================
Received Import Request.
  Time since last request: 506.322673 seconds.
  path: Assets/Scripts/CutFruitScripts/ObjectPool.cs
  artifactKey: Guid(6fd39c4b97b14314eb57864746fd0042) Importer(815301076,1909f56bfc062723c751e8b465ee728b)
Start importing Assets/Scripts/CutFruitScripts/ObjectPool.cs using Guid(6fd39c4b97b14314eb57864746fd0042) Importer(815301076,1909f56bfc062723c751e8b465ee728b) [PhysX] Initialized MultithreadedTaskDispatcher with 24 workers.
 -> (artifact id: '018a661628dbe487e9bd67c549a810e7') in 0.001032 seconds
Number of updated asset objects reloaded before import = 0
Number of asset objects unloaded after import = 0
========================================================================
Received Import Request.
  Time since last request: 66.978532 seconds.
  path: Assets/Scripts/CutFruitScripts/ObjectPool.cs
  artifactKey: Guid(6fd39c4b97b14314eb57864746fd0042) Importer(815301076,1909f56bfc062723c751e8b465ee728b)
Start importing Assets/Scripts/CutFruitScripts/ObjectPool.cs using Guid(6fd39c4b97b14314eb57864746fd0042) Importer(815301076,1909f56bfc062723c751e8b465ee728b) [PhysX] Initialized MultithreadedTaskDispatcher with 24 workers.
 -> (artifact id: '25aa83d02862e4d89808b9c4ebc3600f') in 0.000707 seconds
Number of updated asset objects reloaded before import = 0
Number of asset objects unloaded after import = 0
========================================================================
Received Import Request.
  Time since last request: 6.694710 seconds.
  path: Assets/Scripts/CutFruitScripts/ObjectPool.cs
  artifactKey: Guid(6fd39c4b97b14314eb57864746fd0042) Importer(815301076,1909f56bfc062723c751e8b465ee728b)
Start importing Assets/Scripts/CutFruitScripts/ObjectPool.cs using Guid(6fd39c4b97b14314eb57864746fd0042) Importer(815301076,1909f56bfc062723c751e8b465ee728b) [PhysX] Initialized MultithreadedTaskDispatcher with 24 workers.
 -> (artifact id: '933eb2157b409e4b28757c0059baa567') in 0.000647 seconds
Number of updated asset objects reloaded before import = 0
Number of asset objects unloaded after import = 0
========================================================================
Received Import Request.
  Time since last request: 96.158650 seconds.
  path: Assets/Scripts/CutFruitScripts/ObjectPool.cs
  artifactKey: Guid(6fd39c4b97b14314eb57864746fd0042) Importer(815301076,1909f56bfc062723c751e8b465ee728b)
Start importing Assets/Scripts/CutFruitScripts/ObjectPool.cs using Guid(6fd39c4b97b14314eb57864746fd0042) Importer(815301076,1909f56bfc062723c751e8b465ee728b) [PhysX] Initialized MultithreadedTaskDispatcher with 24 workers.
 -> (artifact id: 'c29173c5008311466058ec3d5311a7e2') in 0.000642 seconds
Number of updated asset objects reloaded before import = 0
Number of asset objects unloaded after import = 0
========================================================================
Received Import Request.
  Time since last request: 64.103000 seconds.
  path: Assets/Scripts/CutFruitScripts/ObjectPool.cs
  artifactKey: Guid(6fd39c4b97b14314eb57864746fd0042) Importer(815301076,1909f56bfc062723c751e8b465ee728b)
Start importing Assets/Scripts/CutFruitScripts/ObjectPool.cs using Guid(6fd39c4b97b14314eb57864746fd0042) Importer(815301076,1909f56bfc062723c751e8b465ee728b) [PhysX] Initialized MultithreadedTaskDispatcher with 24 workers.
 -> (artifact id: '2e895c3ad778b688098399eac7ef1d11') in 0.000569 seconds
Number of updated asset objects reloaded before import = 0
Number of asset objects unloaded after import = 0
========================================================================
Received Import Request.
  Time since last request: 46.279863 seconds.
  path: Assets/Scripts/CutFruitScripts/ObjectPool.cs
  artifactKey: Guid(6fd39c4b97b14314eb57864746fd0042) Importer(815301076,1909f56bfc062723c751e8b465ee728b)
Start importing Assets/Scripts/CutFruitScripts/ObjectPool.cs using Guid(6fd39c4b97b14314eb57864746fd0042) Importer(815301076,1909f56bfc062723c751e8b465ee728b) [PhysX] Initialized MultithreadedTaskDispatcher with 24 workers.
 -> (artifact id: 'feee121fef540e5d0488c7f5009d1efa') in 0.000641 seconds
Number of updated asset objects reloaded before import = 0
Number of asset objects unloaded after import = 0
========================================================================
Received Import Request.
  Time since last request: 128.525284 seconds.
  path: Assets/Scripts/CutFruitScripts/ObjectPool.cs
  artifactKey: Guid(6fd39c4b97b14314eb57864746fd0042) Importer(815301076,1909f56bfc062723c751e8b465ee728b)
Start importing Assets/Scripts/CutFruitScripts/ObjectPool.cs using Guid(6fd39c4b97b14314eb57864746fd0042) Importer(815301076,1909f56bfc062723c751e8b465ee728b) [PhysX] Initialized MultithreadedTaskDispatcher with 24 workers.
 -> (artifact id: 'd00bae8993aa4eaff5041f4764a677f1') in 0.000586 seconds
Number of updated asset objects reloaded before import = 0
Number of asset objects unloaded after import = 0
========================================================================
Received Import Request.
  Time since last request: 2063.827860 seconds.
  path: Assets/Scripts/CutFruitScripts/ObjectPool.cs
  artifactKey: Guid(6fd39c4b97b14314eb57864746fd0042) Importer(815301076,1909f56bfc062723c751e8b465ee728b)
Start importing Assets/Scripts/CutFruitScripts/ObjectPool.cs using Guid(6fd39c4b97b14314eb57864746fd0042) Importer(815301076,1909f56bfc062723c751e8b465ee728b) [PhysX] Initialized MultithreadedTaskDispatcher with 24 workers.
 -> (artifact id: '7b422190dc5c5db8784daa98929ed908') in 0.000652 seconds
Number of updated asset objects reloaded before import = 0
Number of asset objects unloaded after import = 0
========================================================================
Received Import Request.
  Time since last request: 47.185013 seconds.
  path: Assets/Scripts/CutFruitScripts/ObjectPool.cs
  artifactKey: Guid(6fd39c4b97b14314eb57864746fd0042) Importer(815301076,1909f56bfc062723c751e8b465ee728b)
Start importing Assets/Scripts/CutFruitScripts/ObjectPool.cs using Guid(6fd39c4b97b14314eb57864746fd0042) Importer(815301076,1909f56bfc062723c751e8b465ee728b) [PhysX] Initialized MultithreadedTaskDispatcher with 24 workers.
 -> (artifact id: '7c60a4adfdaaaa7690c9b54abe1b72b3') in 0.000713 seconds
Number of updated asset objects reloaded before import = 0
Number of asset objects unloaded after import = 0
========================================================================
Received Import Request.
  Time since last request: 103.599482 seconds.
  path: Assets/Scripts/CutFruitScripts/ObjectPool.cs
  artifactKey: Guid(6fd39c4b97b14314eb57864746fd0042) Importer(815301076,1909f56bfc062723c751e8b465ee728b)
Start importing Assets/Scripts/CutFruitScripts/ObjectPool.cs using Guid(6fd39c4b97b14314eb57864746fd0042) Importer(815301076,1909f56bfc062723c751e8b465ee728b) [PhysX] Initialized MultithreadedTaskDispatcher with 24 workers.
 -> (artifact id: '90420067a99f943b74d3877135b1c049') in 0.000627 seconds
Number of updated asset objects reloaded before import = 0
Number of asset objects unloaded after import = 0
========================================================================
Received Import Request.
  Time since last request: 35.435010 seconds.
  path: Assets/Scripts/CutFruitScripts/Fruit.cs
  artifactKey: Guid(3e26bbcde0e698d41b2d12f8a66b64c8) Importer(815301076,1909f56bfc062723c751e8b465ee728b)
Start importing Assets/Scripts/CutFruitScripts/Fruit.cs using Guid(3e26bbcde0e698d41b2d12f8a66b64c8) Importer(815301076,1909f56bfc062723c751e8b465ee728b) [PhysX] Initialized MultithreadedTaskDispatcher with 24 workers.
 -> (artifact id: '88b11ce5d61a0df08a565b37990c54ae') in 0.004963 seconds
Number of updated asset objects reloaded before import = 0
Number of asset objects unloaded after import = 0
========================================================================
Received Import Request.
  Time since last request: 84.620154 seconds.
  path: Assets/Scripts/CutFruitScripts/Fruit.cs
  artifactKey: Guid(3e26bbcde0e698d41b2d12f8a66b64c8) Importer(815301076,1909f56bfc062723c751e8b465ee728b)
Start importing Assets/Scripts/CutFruitScripts/Fruit.cs using Guid(3e26bbcde0e698d41b2d12f8a66b64c8) Importer(815301076,1909f56bfc062723c751e8b465ee728b) [PhysX] Initialized MultithreadedTaskDispatcher with 24 workers.
 -> (artifact id: '29173c246d17cb4dbf14927ca981ead0') in 0.000550 seconds
Number of updated asset objects reloaded before import = 0
Number of asset objects unloaded after import = 0
========================================================================
Received Import Request.
  Time since last request: 1032.283708 seconds.
  path: Assets/Scripts/CutFruitScripts/Fruit.cs
  artifactKey: Guid(3e26bbcde0e698d41b2d12f8a66b64c8) Importer(815301076,1909f56bfc062723c751e8b465ee728b)
Start importing Assets/Scripts/CutFruitScripts/Fruit.cs using Guid(3e26bbcde0e698d41b2d12f8a66b64c8) Importer(815301076,1909f56bfc062723c751e8b465ee728b) [PhysX] Initialized MultithreadedTaskDispatcher with 24 workers.
 -> (artifact id: '6d544d5cab56e36ade793d49d4ff9f78') in 0.000599 seconds
Number of updated asset objects reloaded before import = 0
Number of asset objects unloaded after import = 0
========================================================================
Received Import Request.
  Time since last request: 236.330843 seconds.
  path: Assets/Scripts/CutFruitScripts/Fruit.cs
  artifactKey: Guid(3e26bbcde0e698d41b2d12f8a66b64c8) Importer(815301076,1909f56bfc062723c751e8b465ee728b)
Start importing Assets/Scripts/CutFruitScripts/Fruit.cs using Guid(3e26bbcde0e698d41b2d12f8a66b64c8) Importer(815301076,1909f56bfc062723c751e8b465ee728b) [PhysX] Initialized MultithreadedTaskDispatcher with 24 workers.
 -> (artifact id: '042508d1ca69cf9965353f26e807fdca') in 0.000748 seconds
Number of updated asset objects reloaded before import = 0
Number of asset objects unloaded after import = 0
========================================================================
Received Import Request.
  Time since last request: 207.988015 seconds.
  path: Assets/Scripts/CutFruitScripts/Fruit.cs
  artifactKey: Guid(3e26bbcde0e698d41b2d12f8a66b64c8) Importer(815301076,1909f56bfc062723c751e8b465ee728b)
Start importing Assets/Scripts/CutFruitScripts/Fruit.cs using Guid(3e26bbcde0e698d41b2d12f8a66b64c8) Importer(815301076,1909f56bfc062723c751e8b465ee728b) [PhysX] Initialized MultithreadedTaskDispatcher with 24 workers.
 -> (artifact id: '595f9ed3846c255ed409ec03ee7292ee') in 0.000552 seconds
Number of updated asset objects reloaded before import = 0
Number of asset objects unloaded after import = 0
========================================================================
Received Import Request.
  Time since last request: 75.760515 seconds.
  path: Assets/Scripts/CutFruitScripts/Fruit.cs
  artifactKey: Guid(3e26bbcde0e698d41b2d12f8a66b64c8) Importer(815301076,1909f56bfc062723c751e8b465ee728b)
Start importing Assets/Scripts/CutFruitScripts/Fruit.cs using Guid(3e26bbcde0e698d41b2d12f8a66b64c8) Importer(815301076,1909f56bfc062723c751e8b465ee728b) [PhysX] Initialized MultithreadedTaskDispatcher with 24 workers.
 -> (artifact id: 'b324188fc72e795c213101f635a20fbc') in 0.000880 seconds
Number of updated asset objects reloaded before import = 0
Number of asset objects unloaded after import = 0
========================================================================
Received Import Request.
  Time since last request: 1279.444720 seconds.
  path: Assets/Scripts/CutFruitScripts/Fruit.cs
  artifactKey: Guid(3e26bbcde0e698d41b2d12f8a66b64c8) Importer(815301076,1909f56bfc062723c751e8b465ee728b)
Start importing Assets/Scripts/CutFruitScripts/Fruit.cs using Guid(3e26bbcde0e698d41b2d12f8a66b64c8) Importer(815301076,1909f56bfc062723c751e8b465ee728b) [PhysX] Initialized MultithreadedTaskDispatcher with 24 workers.
 -> (artifact id: 'a83a8323b3d6ea7a1e6f8eda61d66c46') in 0.000651 seconds
Number of updated asset objects reloaded before import = 0
Number of asset objects unloaded after import = 0
========================================================================
Received Import Request.
  Time since last request: 83.047403 seconds.
  path: Assets/Scripts/CutFruitScripts/Fruit.cs
  artifactKey: Guid(3e26bbcde0e698d41b2d12f8a66b64c8) Importer(815301076,1909f56bfc062723c751e8b465ee728b)
Start importing Assets/Scripts/CutFruitScripts/Fruit.cs using Guid(3e26bbcde0e698d41b2d12f8a66b64c8) Importer(815301076,1909f56bfc062723c751e8b465ee728b) [PhysX] Initialized MultithreadedTaskDispatcher with 24 workers.
 -> (artifact id: '1e53879874b60aa2594909320307f335') in 0.000607 seconds
Number of updated asset objects reloaded before import = 0
Number of asset objects unloaded after import = 0
========================================================================
Received Import Request.
  Time since last request: 6.179013 seconds.
  path: Assets/Scripts/CutFruitScripts/Fruit.cs
  artifactKey: Guid(3e26bbcde0e698d41b2d12f8a66b64c8) Importer(815301076,1909f56bfc062723c751e8b465ee728b)
Start importing Assets/Scripts/CutFruitScripts/Fruit.cs using Guid(3e26bbcde0e698d41b2d12f8a66b64c8) Importer(815301076,1909f56bfc062723c751e8b465ee728b) [PhysX] Initialized MultithreadedTaskDispatcher with 24 workers.
 -> (artifact id: 'b5f089e55778e20bf67536a5a4c43827') in 0.000673 seconds
Number of updated asset objects reloaded before import = 0
Number of asset objects unloaded after import = 0
========================================================================
Received Import Request.
  Time since last request: 13.031180 seconds.
  path: Assets/Scripts/CutFruitScripts/Fruit.cs
  artifactKey: Guid(3e26bbcde0e698d41b2d12f8a66b64c8) Importer(815301076,1909f56bfc062723c751e8b465ee728b)
Start importing Assets/Scripts/CutFruitScripts/Fruit.cs using Guid(3e26bbcde0e698d41b2d12f8a66b64c8) Importer(815301076,1909f56bfc062723c751e8b465ee728b) [PhysX] Initialized MultithreadedTaskDispatcher with 24 workers.
 -> (artifact id: 'dec172951684287790f39f15272e1d5a') in 0.000693 seconds
Number of updated asset objects reloaded before import = 0
Number of asset objects unloaded after import = 0
========================================================================
Received Import Request.
  Time since last request: 65.282091 seconds.
  path: Assets/Scripts/CutFruitScripts/Fruit.cs
  artifactKey: Guid(3e26bbcde0e698d41b2d12f8a66b64c8) Importer(815301076,1909f56bfc062723c751e8b465ee728b)
Start importing Assets/Scripts/CutFruitScripts/Fruit.cs using Guid(3e26bbcde0e698d41b2d12f8a66b64c8) Importer(815301076,1909f56bfc062723c751e8b465ee728b) [PhysX] Initialized MultithreadedTaskDispatcher with 24 workers.
 -> (artifact id: 'baab9546b7dacaef9ebc0fd3d7594a52') in 0.000697 seconds
Number of updated asset objects reloaded before import = 0
Number of asset objects unloaded after import = 0
========================================================================
Received Import Request.
  Time since last request: 165.671828 seconds.
  path: Assets/Scripts/CutFruitScripts/Fruit.cs
  artifactKey: Guid(3e26bbcde0e698d41b2d12f8a66b64c8) Importer(815301076,1909f56bfc062723c751e8b465ee728b)
Start importing Assets/Scripts/CutFruitScripts/Fruit.cs using Guid(3e26bbcde0e698d41b2d12f8a66b64c8) Importer(815301076,1909f56bfc062723c751e8b465ee728b) [PhysX] Initialized MultithreadedTaskDispatcher with 24 workers.
 -> (artifact id: 'e96635e96f4fda208607852d71b6d44a') in 0.000741 seconds
Number of updated asset objects reloaded before import = 0
Number of asset objects unloaded after import = 0
========================================================================
Received Import Request.
  Time since last request: 66.874867 seconds.
  path: Assets/Scripts/CutFruitScripts/Fruit.cs
  artifactKey: Guid(3e26bbcde0e698d41b2d12f8a66b64c8) Importer(815301076,1909f56bfc062723c751e8b465ee728b)
Start importing Assets/Scripts/CutFruitScripts/Fruit.cs using Guid(3e26bbcde0e698d41b2d12f8a66b64c8) Importer(815301076,1909f56bfc062723c751e8b465ee728b) [PhysX] Initialized MultithreadedTaskDispatcher with 24 workers.
 -> (artifact id: '0818d2418a76cc77c6297740b4c344df') in 0.000755 seconds
Number of updated asset objects reloaded before import = 0
Number of asset objects unloaded after import = 0
========================================================================
Received Import Request.
  Time since last request: 618.350719 seconds.
  path: Assets/Scripts/CutFruitScripts/Fruit.cs
  artifactKey: Guid(3e26bbcde0e698d41b2d12f8a66b64c8) Importer(815301076,1909f56bfc062723c751e8b465ee728b)
Start importing Assets/Scripts/CutFruitScripts/Fruit.cs using Guid(3e26bbcde0e698d41b2d12f8a66b64c8) Importer(815301076,1909f56bfc062723c751e8b465ee728b) [PhysX] Initialized MultithreadedTaskDispatcher with 24 workers.
 -> (artifact id: 'c98e79600c95747700a4cdc8854b4226') in 0.000815 seconds
Number of updated asset objects reloaded before import = 0
Number of asset objects unloaded after import = 0
========================================================================
Received Import Request.
  Time since last request: 22.604702 seconds.
  path: Assets/Scripts/CutFruitScripts/Fruit.cs
  artifactKey: Guid(3e26bbcde0e698d41b2d12f8a66b64c8) Importer(815301076,1909f56bfc062723c751e8b465ee728b)
Start importing Assets/Scripts/CutFruitScripts/Fruit.cs using Guid(3e26bbcde0e698d41b2d12f8a66b64c8) Importer(815301076,1909f56bfc062723c751e8b465ee728b) [PhysX] Initialized MultithreadedTaskDispatcher with 24 workers.
 -> (artifact id: 'aff5461a9d9b117ee52d881a1fc311e8') in 0.000895 seconds
Number of updated asset objects reloaded before import = 0
Number of asset objects unloaded after import = 0
========================================================================
Received Import Request.
  Time since last request: 234771.827871 seconds.
  path: Assets/Scripts/CutFruitScripts/Fruit.cs
  artifactKey: Guid(3e26bbcde0e698d41b2d12f8a66b64c8) Importer(815301076,1909f56bfc062723c751e8b465ee728b)
Start importing Assets/Scripts/CutFruitScripts/Fruit.cs using Guid(3e26bbcde0e698d41b2d12f8a66b64c8) Importer(815301076,1909f56bfc062723c751e8b465ee728b) [PhysX] Initialized MultithreadedTaskDispatcher with 24 workers.
 -> (artifact id: '390ce58f7484b681d96a7cb8ed0887c0') in 0.007961 seconds
Number of updated asset objects reloaded before import = 0
Number of asset objects unloaded after import = 0
========================================================================
Received Import Request.
  Time since last request: 81.007997 seconds.
  path: Assets/Scripts/CutFruitScripts/Fruit.cs
  artifactKey: Guid(3e26bbcde0e698d41b2d12f8a66b64c8) Importer(815301076,1909f56bfc062723c751e8b465ee728b)
Start importing Assets/Scripts/CutFruitScripts/Fruit.cs using Guid(3e26bbcde0e698d41b2d12f8a66b64c8) Importer(815301076,1909f56bfc062723c751e8b465ee728b) [PhysX] Initialized MultithreadedTaskDispatcher with 24 workers.
 -> (artifact id: '7f0e05eafd67bfbb0d4c33c94b48161c') in 0.001003 seconds
Number of updated asset objects reloaded before import = 0
Number of asset objects unloaded after import = 0
========================================================================
Received Import Request.
  Time since last request: 1010.412096 seconds.
  path: Assets/Scripts/CutFruitScripts/NewBehaviourScript.cs
  artifactKey: Guid(a81d950c90edc684cb5f13b8df1e0136) Importer(815301076,1909f56bfc062723c751e8b465ee728b)
Start importing Assets/Scripts/CutFruitScripts/NewBehaviourScript.cs using Guid(a81d950c90edc684cb5f13b8df1e0136) Importer(815301076,1909f56bfc062723c751e8b465ee728b) [PhysX] Initialized MultithreadedTaskDispatcher with 24 workers.
 -> (artifact id: '0ac150a76fc0ff69e8d1b9c474f3c224') in 0.001067 seconds
Number of updated asset objects reloaded before import = 0
Number of asset objects unloaded after import = 0
========================================================================
Received Import Request.
  Time since last request: 0.806083 seconds.
  path: Assets/Scripts/CutFruitScripts/ObjectPool.cs
  artifactKey: Guid(6fd39c4b97b14314eb57864746fd0042) Importer(815301076,1909f56bfc062723c751e8b465ee728b)
Start importing Assets/Scripts/CutFruitScripts/ObjectPool.cs using Guid(6fd39c4b97b14314eb57864746fd0042) Importer(815301076,1909f56bfc062723c751e8b465ee728b) [PhysX] Initialized MultithreadedTaskDispatcher with 24 workers.
 -> (artifact id: '2b260967b3e16df95b0b03848055bf90') in 0.000797 seconds
Number of updated asset objects reloaded before import = 0
Number of asset objects unloaded after import = 0
========================================================================
Received Import Request.
  Time since last request: 105.255046 seconds.
  path: Assets/Scripts/CutFruitScripts/Spawner.cs
  artifactKey: Guid(ebcee49835a82b5429bbba612bc6714e) Importer(815301076,1909f56bfc062723c751e8b465ee728b)
Start importing Assets/Scripts/CutFruitScripts/Spawner.cs using Guid(ebcee49835a82b5429bbba612bc6714e) Importer(815301076,1909f56bfc062723c751e8b465ee728b) [PhysX] Initialized MultithreadedTaskDispatcher with 24 workers.
 -> (artifact id: '576ee22778a5e1f6e196ca95fbde4ca8') in 0.012805 seconds
Number of updated asset objects reloaded before import = 0
Number of asset objects unloaded after import = 0
========================================================================
Received Import Request.
  Time since last request: 156.320419 seconds.
  path: Assets/Scripts/CutFruitScripts/Spawner.cs
  artifactKey: Guid(ebcee49835a82b5429bbba612bc6714e) Importer(815301076,1909f56bfc062723c751e8b465ee728b)
Start importing Assets/Scripts/CutFruitScripts/Spawner.cs using Guid(ebcee49835a82b5429bbba612bc6714e) Importer(815301076,1909f56bfc062723c751e8b465ee728b) [PhysX] Initialized MultithreadedTaskDispatcher with 24 workers.
 -> (artifact id: '3bcb81ec5d13e2138cd0c4a89f940565') in 0.000776 seconds
Number of updated asset objects reloaded before import = 0
Number of asset objects unloaded after import = 0
========================================================================
Received Import Request.
  Time since last request: 978.995254 seconds.
  path: Assets/Scripts/CutFruitScripts/Spawner.cs
  artifactKey: Guid(ebcee49835a82b5429bbba612bc6714e) Importer(815301076,1909f56bfc062723c751e8b465ee728b)
Start importing Assets/Scripts/CutFruitScripts/Spawner.cs using Guid(ebcee49835a82b5429bbba612bc6714e) Importer(815301076,1909f56bfc062723c751e8b465ee728b) [PhysX] Initialized MultithreadedTaskDispatcher with 24 workers.
 -> (artifact id: 'b86b7f4eb3553e21c89850d126c612c0') in 0.000974 seconds
Number of updated asset objects reloaded before import = 0
Number of asset objects unloaded after import = 0
========================================================================
Received Import Request.
  Time since last request: 173.783597 seconds.
  path: Assets/Scripts/CutFruitScripts/Spawner.cs
  artifactKey: Guid(ebcee49835a82b5429bbba612bc6714e) Importer(815301076,1909f56bfc062723c751e8b465ee728b)
Start importing Assets/Scripts/CutFruitScripts/Spawner.cs using Guid(ebcee49835a82b5429bbba612bc6714e) Importer(815301076,1909f56bfc062723c751e8b465ee728b) [PhysX] Initialized MultithreadedTaskDispatcher with 24 workers.
 -> (artifact id: 'ecc189fd69ad3929d8095ca0952e5ba3') in 0.000893 seconds
Number of updated asset objects reloaded before import = 0
Number of asset objects unloaded after import = 0
========================================================================
Received Import Request.
  Time since last request: 66.752137 seconds.
  path: Assets/Scripts/CutFruitScripts/Spawner.cs
  artifactKey: Guid(ebcee49835a82b5429bbba612bc6714e) Importer(815301076,1909f56bfc062723c751e8b465ee728b)
Start importing Assets/Scripts/CutFruitScripts/Spawner.cs using Guid(ebcee49835a82b5429bbba612bc6714e) Importer(815301076,1909f56bfc062723c751e8b465ee728b) [PhysX] Initialized MultithreadedTaskDispatcher with 24 workers.
 -> (artifact id: '304545ae55707c28499d2fa96702c7f1') in 0.000712 seconds
Number of updated asset objects reloaded before import = 0
Number of asset objects unloaded after import = 0
========================================================================
Received Import Request.
  Time since last request: 99.335113 seconds.
  path: Assets/Scripts/CutFruitScripts/Spawner.cs
  artifactKey: Guid(ebcee49835a82b5429bbba612bc6714e) Importer(815301076,1909f56bfc062723c751e8b465ee728b)
Start importing Assets/Scripts/CutFruitScripts/Spawner.cs using Guid(ebcee49835a82b5429bbba612bc6714e) Importer(815301076,1909f56bfc062723c751e8b465ee728b) [PhysX] Initialized MultithreadedTaskDispatcher with 24 workers.
 -> (artifact id: 'f5caab3c42428aa5e83825004bd3d697') in 0.000943 seconds
Number of updated asset objects reloaded before import = 0
Number of asset objects unloaded after import = 0
========================================================================
Received Import Request.
  Time since last request: 97.760820 seconds.
  path: Assets/Scripts/CutFruitScripts/Spawner.cs
  artifactKey: Guid(ebcee49835a82b5429bbba612bc6714e) Importer(815301076,1909f56bfc062723c751e8b465ee728b)
Start importing Assets/Scripts/CutFruitScripts/Spawner.cs using Guid(ebcee49835a82b5429bbba612bc6714e) Importer(815301076,1909f56bfc062723c751e8b465ee728b) [PhysX] Initialized MultithreadedTaskDispatcher with 24 workers.
 -> (artifact id: 'bba3b83d5e562de10535ddce617ada9d') in 0.001013 seconds
Number of updated asset objects reloaded before import = 0
Number of asset objects unloaded after import = 0
========================================================================
Received Import Request.
  Time since last request: 136.189222 seconds.
  path: Assets/Scripts/CutFruitScripts/Spawner.cs
  artifactKey: Guid(ebcee49835a82b5429bbba612bc6714e) Importer(815301076,1909f56bfc062723c751e8b465ee728b)
Start importing Assets/Scripts/CutFruitScripts/Spawner.cs using Guid(ebcee49835a82b5429bbba612bc6714e) Importer(815301076,1909f56bfc062723c751e8b465ee728b) [PhysX] Initialized MultithreadedTaskDispatcher with 24 workers.
 -> (artifact id: '761273418b4ebd0b57faddc73ae4bc6b') in 0.001001 seconds
Number of updated asset objects reloaded before import = 0
Number of asset objects unloaded after import = 0
========================================================================
Received Import Request.
  Time since last request: 60.768649 seconds.
  path: Assets/Scripts/CutFruitScripts/Spawner.cs
  artifactKey: Guid(ebcee49835a82b5429bbba612bc6714e) Importer(815301076,1909f56bfc062723c751e8b465ee728b)
Start importing Assets/Scripts/CutFruitScripts/Spawner.cs using Guid(ebcee49835a82b5429bbba612bc6714e) Importer(815301076,1909f56bfc062723c751e8b465ee728b) [PhysX] Initialized MultithreadedTaskDispatcher with 24 workers.
 -> (artifact id: '661a2e540193cda5af90e7b4c07d0002') in 0.000907 seconds
Number of updated asset objects reloaded before import = 0
Number of asset objects unloaded after import = 0
========================================================================
Received Import Request.
  Time since last request: 77.710500 seconds.
  path: Assets/Scripts/CutFruitScripts/Spawner.cs
  artifactKey: Guid(ebcee49835a82b5429bbba612bc6714e) Importer(815301076,1909f56bfc062723c751e8b465ee728b)
Start importing Assets/Scripts/CutFruitScripts/Spawner.cs using Guid(ebcee49835a82b5429bbba612bc6714e) Importer(815301076,1909f56bfc062723c751e8b465ee728b) [PhysX] Initialized MultithreadedTaskDispatcher with 24 workers.
 -> (artifact id: '6af0b65299a8ecb343097305e02b1dc0') in 0.000717 seconds
Number of updated asset objects reloaded before import = 0
Number of asset objects unloaded after import = 0
========================================================================
Received Import Request.
  Time since last request: 218.084604 seconds.
  path: Assets/Scripts/CutFruitScripts/Spawner.cs
  artifactKey: Guid(ebcee49835a82b5429bbba612bc6714e) Importer(815301076,1909f56bfc062723c751e8b465ee728b)
Start importing Assets/Scripts/CutFruitScripts/Spawner.cs using Guid(ebcee49835a82b5429bbba612bc6714e) Importer(815301076,1909f56bfc062723c751e8b465ee728b) [PhysX] Initialized MultithreadedTaskDispatcher with 24 workers.
 -> (artifact id: '6b78203953d7133036b226dc4d25cbe8') in 0.033137 seconds
Number of updated asset objects reloaded before import = 0
Number of asset objects unloaded after import = 0
========================================================================
Received Import Request.
  Time since last request: 4108.150852 seconds.
  path: Assets/Scripts/CutFruitScripts/Spawner.cs
  artifactKey: Guid(ebcee49835a82b5429bbba612bc6714e) Importer(815301076,1909f56bfc062723c751e8b465ee728b)
Start importing Assets/Scripts/CutFruitScripts/Spawner.cs using Guid(ebcee49835a82b5429bbba612bc6714e) Importer(815301076,1909f56bfc062723c751e8b465ee728b) [PhysX] Initialized MultithreadedTaskDispatcher with 24 workers.
 -> (artifact id: 'b4a85d9331e88917318f23b5e7c1f401') in 0.002729 seconds
Number of updated asset objects reloaded before import = 0
Number of asset objects unloaded after import = 0
========================================================================
Received Import Request.
  Time since last request: 313.612671 seconds.
  path: Assets/Scripts/CutFruitScripts/Spawner.cs
  artifactKey: Guid(ebcee49835a82b5429bbba612bc6714e) Importer(815301076,1909f56bfc062723c751e8b465ee728b)
Start importing Assets/Scripts/CutFruitScripts/Spawner.cs using Guid(ebcee49835a82b5429bbba612bc6714e) Importer(815301076,1909f56bfc062723c751e8b465ee728b) [PhysX] Initialized MultithreadedTaskDispatcher with 24 workers.
 -> (artifact id: 'e94e92666f806a8a60338b953be70e88') in 0.000717 seconds
Number of updated asset objects reloaded before import = 0
Number of asset objects unloaded after import = 0
========================================================================
Received Import Request.
  Time since last request: 173.413072 seconds.
  path: Assets/Scripts/CutFruitScripts/Spawner.cs
  artifactKey: Guid(ebcee49835a82b5429bbba612bc6714e) Importer(815301076,1909f56bfc062723c751e8b465ee728b)
Start importing Assets/Scripts/CutFruitScripts/Spawner.cs using Guid(ebcee49835a82b5429bbba612bc6714e) Importer(815301076,1909f56bfc062723c751e8b465ee728b) [PhysX] Initialized MultithreadedTaskDispatcher with 24 workers.
 -> (artifact id: '45b6030818cd6eaa76db1a7c9a9b0f48') in 0.000779 seconds
Number of updated asset objects reloaded before import = 0
Number of asset objects unloaded after import = 0
========================================================================
Received Import Request.
  Time since last request: 4574.238780 seconds.
  path: Assets/Scripts/CutFruitScripts/Spawner.cs
  artifactKey: Guid(ebcee49835a82b5429bbba612bc6714e) Importer(815301076,1909f56bfc062723c751e8b465ee728b)
Start importing Assets/Scripts/CutFruitScripts/Spawner.cs using Guid(ebcee49835a82b5429bbba612bc6714e) Importer(815301076,1909f56bfc062723c751e8b465ee728b) [PhysX] Initialized MultithreadedTaskDispatcher with 24 workers.
 -> (artifact id: '0cea0433a78ec95bebe60ffd775a7b3b') in 0.001404 seconds
Number of updated asset objects reloaded before import = 0
Number of asset objects unloaded after import = 0
========================================================================
Received Import Request.
  Time since last request: 213.829381 seconds.
  path: Assets/Scripts/CutFruitScripts/Spawner.cs
  artifactKey: Guid(ebcee49835a82b5429bbba612bc6714e) Importer(815301076,1909f56bfc062723c751e8b465ee728b)
Start importing Assets/Scripts/CutFruitScripts/Spawner.cs using Guid(ebcee49835a82b5429bbba612bc6714e) Importer(815301076,1909f56bfc062723c751e8b465ee728b) [PhysX] Initialized MultithreadedTaskDispatcher with 24 workers.
 -> (artifact id: '0d1a3e424541d092bdf68fcd7e25ba3a') in 0.000846 seconds
Number of updated asset objects reloaded before import = 0
Number of asset objects unloaded after import = 0
========================================================================
Received Import Request.
  Time since last request: 5429.212521 seconds.
  path: Assets/Scripts/CutFruitScripts/StartMenuController.cs
  artifactKey: Guid(f3cbccea4488aaf4ba08342ccd557a09) Importer(815301076,1909f56bfc062723c751e8b465ee728b)
Start importing Assets/Scripts/CutFruitScripts/StartMenuController.cs using Guid(f3cbccea4488aaf4ba08342ccd557a09) Importer(815301076,1909f56bfc062723c751e8b465ee728b) [PhysX] Initialized MultithreadedTaskDispatcher with 24 workers.
 -> (artifact id: 'fe2e1a55e26d18b23e281e6060761c4f') in 0.001562 seconds
Number of updated asset objects reloaded before import = 0
Number of asset objects unloaded after import = 0
========================================================================
Received Import Request.
  Time since last request: 252.972945 seconds.
  path: Assets/Scripts/CutFruitScripts/Blade.cs
  artifactKey: Guid(c002a3d195935fb448a7523b7109f212) Importer(815301076,1909f56bfc062723c751e8b465ee728b)
Start importing Assets/Scripts/CutFruitScripts/Blade.cs using Guid(c002a3d195935fb448a7523b7109f212) Importer(815301076,1909f56bfc062723c751e8b465ee728b) [PhysX] Initialized MultithreadedTaskDispatcher with 24 workers.
 -> (artifact id: '465565b06a9cf5ecb97f63e3ebf0bfe8') in 0.001060 seconds
Number of updated asset objects reloaded before import = 0
Number of asset objects unloaded after import = 0
